<?xml version="1.0" encoding="UTF-8"?>
<testsuite name="TwoferTest" tests="3" skipped="0" failures="0" errors="0" timestamp="2023-06-23T19:18:11" hostname="DESKTOP-UAHDMDA" time="0.073">
  <properties/>
  <testcase name="noNameGiven" classname="TwoferTest" time="0.063"/>
  <testcase name="aNameGiven" classname="TwoferTest" time="0.009"/>
  <testcase name="anotherNameGiven" classname="TwoferTest" time="0.0"/>
  <system-out><![CDATA[]]></system-out>
  <system-err><![CDATA[]]></system-err>
</testsuite>
